Release 14.7 - xst P.20131013 (nt64)
Copyright (c) 1995-2013 Xilinx, Inc.  All rights reserved.
--> Parameter TMPDIR set to xst/projnav.tmp


Total REAL time to Xst completion: 0.00 secs
Total CPU time to Xst completion: 0.06 secs
 
--> Parameter xsthdpdir set to xst


Total REAL time to Xst completion: 0.00 secs
Total CPU time to Xst completion: 0.06 secs
 
--> Reading design: TopDesign.prj

TABLE OF CONTENTS
  1) Synthesis Options Summary
  2) HDL Compilation
  3) Design Hierarchy Analysis
  4) HDL Analysis
  5) HDL Synthesis
     5.1) HDL Synthesis Report
  6) Advanced HDL Synthesis
     6.1) Advanced HDL Synthesis Report
  7) Low Level Synthesis
  8) Partition Report
  9) Final Report
	9.1) Device utilization summary
	9.2) Partition Resource Summary
	9.3) TIMING REPORT


=========================================================================
*                      Synthesis Options Summary                        *
=========================================================================
---- Source Parameters
Input File Name                    : "TopDesign.prj"
Input Format                       : mixed
Ignore Synthesis Constraint File   : NO

---- Target Parameters
Output File Name                   : "TopDesign"
Output Format                      : NGC
Target Device                      : xc3s100e-4-cp132

---- Source Options
Top Module Name                    : TopDesign
Automatic FSM Extraction           : YES
FSM Encoding Algorithm             : Auto
Safe Implementation                : No
FSM Style                          : LUT
RAM Extraction                     : Yes
RAM Style                          : Auto
ROM Extraction                     : Yes
Mux Style                          : Auto
Decoder Extraction                 : YES
Priority Encoder Extraction        : Yes
Shift Register Extraction          : YES
Logical Shifter Extraction         : YES
XOR Collapsing                     : YES
ROM Style                          : Auto
Mux Extraction                     : Yes
Resource Sharing                   : YES
Asynchronous To Synchronous        : NO
Multiplier Style                   : Auto
Automatic Register Balancing       : No

---- Target Options
Add IO Buffers                     : YES
Global Maximum Fanout              : 100000
Add Generic Clock Buffer(BUFG)     : 24
Register Duplication               : YES
Slice Packing                      : YES
Optimize Instantiated Primitives   : NO
Use Clock Enable                   : Yes
Use Synchronous Set                : Yes
Use Synchronous Reset              : Yes
Pack IO Registers into IOBs        : Auto
Equivalent register Removal        : YES

---- General Options
Optimization Goal                  : Speed
Optimization Effort                : 1
Keep Hierarchy                     : No
Netlist Hierarchy                  : As_Optimized
RTL Output                         : Yes
Global Optimization                : AllClockNets
Read Cores                         : YES
Write Timing Constraints           : NO
Cross Clock Analysis               : NO
Hierarchy Separator                : /
Bus Delimiter                      : <>
Case Specifier                     : Maintain
Slice Utilization Ratio            : 100
BRAM Utilization Ratio             : 100
Verilog 2001                       : YES
Auto BRAM Packing                  : NO
Slice Utilization Ratio Delta      : 5

=========================================================================


=========================================================================
*                          HDL Compilation                              *
=========================================================================
Compiling vhdl file "C:/Users/sinan/verilog/ultrasonic/counter.vhd" in Library work.
Architecture behavioral of Entity counter is up to date.
Compiling vhdl file "C:/Users/sinan/verilog/ultrasonic/Trigger_generator.vhd" in Library work.
Architecture behavioral of Entity trigger_generator is up to date.
Compiling vhdl file "C:/Users/sinan/verilog/ultrasonic/Distance_calculation.vhd" in Library work.
Architecture behavioral of Entity distance_calculation is up to date.
Compiling vhdl file "C:/Users/sinan/verilog/ultrasonic/BCD_converter.vhd" in Library work.
Architecture behavioral of Entity bcd_converter is up to date.
Compiling vhdl file "C:/Users/sinan/verilog/Seven_Segment_Display/segmentdecoder.vhd" in Library work.
Architecture behavioral of Entity segmentdecoder is up to date.
Compiling vhdl file "C:/Users/sinan/verilog/Seven_Segment_Display/clock_divider.vhd" in Library work.
Architecture behavioral of Entity clock_divider is up to date.
Compiling vhdl file "C:/Users/sinan/verilog/Seven_Segment_Display/segmentdriver.vhd" in Library work.
Architecture behavioral of Entity segmentdriver is up to date.
Compiling vhdl file "C:/Users/sinan/verilog/ultrasonic/Range_sensor.vhd" in Library work.
Architecture behavioral of Entity range_sensor is up to date.
Compiling vhdl file "C:/Users/sinan/verilog/ultrasonic/TopDesign.vhd" in Library work.
Entity <topdesign> compiled.
Entity <TopDesign> (Architecture <Behavioral>) compiled.

=========================================================================
*                     Design Hierarchy Analysis                         *
=========================================================================
Analyzing hierarchy for entity <TopDesign> in library <work> (architecture <Behavioral>).

Analyzing hierarchy for entity <segmentdriver> in library <work> (architecture <behavioral>).

Analyzing hierarchy for entity <Range_sensor> in library <work> (architecture <behavioral>).

Analyzing hierarchy for entity <segmentDecoder> in library <work> (architecture <behavioral>).

Analyzing hierarchy for entity <clock_divider> in library <work> (architecture <behavioral>).

Analyzing hierarchy for entity <Trigger_generator> in library <work> (architecture <behavioral>).

Analyzing hierarchy for entity <Distance_calculation> in library <work> (architecture <behavioral>).

Analyzing hierarchy for entity <BCD_converter> in library <work> (architecture <behavioral>).

Analyzing hierarchy for entity <Counter> in library <work> (architecture <behavioral>) with generics.
	n = 24

Analyzing hierarchy for entity <Counter> in library <work> (architecture <behavioral>) with generics.
	n = 22


=========================================================================
*                            HDL Analysis                               *
=========================================================================
Analyzing Entity <TopDesign> in library <work> (Architecture <Behavioral>).
Entity <TopDesign> analyzed. Unit <TopDesign> generated.

Analyzing Entity <segmentdriver> in library <work> (Architecture <behavioral>).
Entity <segmentdriver> analyzed. Unit <segmentdriver> generated.

Analyzing Entity <segmentDecoder> in library <work> (Architecture <behavioral>).
INFO:Xst:1561 - "C:/Users/sinan/verilog/Seven_Segment_Display/segmentdecoder.vhd" line 68: Mux is complete : default of case is discarded
Entity <segmentDecoder> analyzed. Unit <segmentDecoder> generated.

Analyzing Entity <clock_divider> in library <work> (Architecture <behavioral>).
Entity <clock_divider> analyzed. Unit <clock_divider> generated.

Analyzing Entity <Range_sensor> in library <work> (Architecture <behavioral>).
Entity <Range_sensor> analyzed. Unit <Range_sensor> generated.

Analyzing Entity <Trigger_generator> in library <work> (Architecture <behavioral>).
WARNING:Xst:819 - "C:/Users/sinan/verilog/ultrasonic/Trigger_generator.vhd" line 51: One or more signals are missing in the process sensitivity list. To enable synthesis of FPGA/CPLD hardware, XST will assume that all necessary signals are present in the sensitivity list. Please note that the result of the synthesis may differ from the initial design specification. The missing signals are:
   <outputCounter>
Entity <Trigger_generator> analyzed. Unit <Trigger_generator> generated.

Analyzing generic Entity <Counter.1> in library <work> (Architecture <behavioral>).
	n = 24
Entity <Counter.1> analyzed. Unit <Counter.1> generated.

Analyzing Entity <Distance_calculation> in library <work> (Architecture <behavioral>).
WARNING:Xst:819 - "C:/Users/sinan/verilog/ultrasonic/Distance_calculation.vhd" line 53: One or more signals are missing in the process sensitivity list. To enable synthesis of FPGA/CPLD hardware, XST will assume that all necessary signals are present in the sensitivity list. Please note that the result of the synthesis may differ from the initial design specification. The missing signals are:
   <Pulse_width>
Entity <Distance_calculation> analyzed. Unit <Distance_calculation> generated.

Analyzing generic Entity <Counter.2> in library <work> (Architecture <behavioral>).
	n = 22
Entity <Counter.2> analyzed. Unit <Counter.2> generated.

Analyzing Entity <BCD_converter> in library <work> (Architecture <behavioral>).
Entity <BCD_converter> analyzed. Unit <BCD_converter> generated.


=========================================================================
*                           HDL Synthesis                               *
=========================================================================

Performing bidirectional port resolution...

Synthesizing Unit <segmentDecoder>.
    Related source file is "C:/Users/sinan/verilog/Seven_Segment_Display/segmentdecoder.vhd".
    Found 16x7-bit ROM for signal <Decode_Data$mux0000> created at line 52.
    Summary:
	inferred   1 ROM(s).
Unit <segmentDecoder> synthesized.


Synthesizing Unit <clock_divider>.
    Related source file is "C:/Users/sinan/verilog/Seven_Segment_Display/clock_divider.vhd".
    Found 16-bit up counter for signal <count>.
    Summary:
	inferred   1 Counter(s).
Unit <clock_divider> synthesized.


Synthesizing Unit <BCD_converter>.
    Related source file is "C:/Users/sinan/verilog/ultrasonic/BCD_converter.vhd".
    Found 4-bit comparator greater for signal <bcd_10$cmp_gt0000> created at line 58.
    Found 4-bit comparator greater for signal <bcd_10$cmp_gt0001> created at line 58.
    Found 4-bit comparator greater for signal <bcd_10$cmp_gt0002> created at line 58.
    Found 4-bit comparator greater for signal <bcd_10$cmp_gt0003> created at line 58.
    Found 4-bit comparator greater for signal <bcd_10$cmp_gt0004> created at line 58.
    Found 4-bit comparator greater for signal <bcd_10$cmp_gt0005> created at line 58.
    Found 4-bit adder for signal <bcd_12_9$add0000> created at line 59.
    Found 4-bit adder for signal <bcd_12_9$add0001> created at line 59.
    Found 4-bit adder for signal <bcd_12_9$add0002> created at line 59.
    Found 4-bit adder for signal <bcd_12_9$add0003> created at line 59.
    Found 4-bit adder for signal <bcd_12_9$add0004> created at line 59.
    Found 4-bit adder for signal <bcd_12_9$add0005> created at line 59.
    Found 4-bit comparator greater for signal <bcd_16$cmp_gt0000> created at line 62.
    Found 4-bit comparator greater for signal <bcd_16$cmp_gt0001> created at line 62.
    Found 4-bit comparator greater for signal <bcd_16$cmp_gt0002> created at line 62.
    Found 4-bit adder for signal <bcd_16_13$add0000> created at line 63.
    Found 4-bit adder for signal <bcd_16_13$add0001> created at line 63.
    Found 4-bit adder for signal <bcd_16_13$add0002> created at line 63.
    Summary:
	inferred   9 Adder/Subtractor(s).
	inferred   9 Comparator(s).
Unit <BCD_converter> synthesized.


Synthesizing Unit <Counter_1>.
    Related source file is "C:/Users/sinan/verilog/ultrasonic/counter.vhd".
    Found 24-bit up counter for signal <count>.
    Summary:
	inferred   1 Counter(s).
Unit <Counter_1> synthesized.


Synthesizing Unit <Counter_2>.
    Related source file is "C:/Users/sinan/verilog/ultrasonic/counter.vhd".
    Found 22-bit up counter for signal <count>.
    Summary:
	inferred   1 Counter(s).
Unit <Counter_2> synthesized.


Synthesizing Unit <segmentdriver>.
    Related source file is "C:/Users/sinan/verilog/Seven_Segment_Display/segmentdriver.vhd".
WARNING:Xst:646 - Signal <clock_word<14:0>> is assigned but never used. This unconnected signal will be trimmed during the optimization process.
    Found 4x1-bit ROM for signal <select_Display_D$mux0001> created at line 113.
    Found 1-bit register for signal <select_Display_A>.
    Found 1-bit register for signal <select_Display_B>.
    Found 1-bit register for signal <select_Display_C>.
    Found 1-bit register for signal <select_Display_D>.
    Found 2-bit up counter for signal <display_selection>.
    Found 4-bit register for signal <temperary_data>.
    Found 4-bit 4-to-1 multiplexer for signal <temperary_data$mux0001> created at line 113.
    Summary:
	inferred   1 ROM(s).
	inferred   1 Counter(s).
	inferred   8 D-type flip-flop(s).
	inferred   4 Multiplexer(s).
Unit <segmentdriver> synthesized.


Synthesizing Unit <Trigger_generator>.
    Related source file is "C:/Users/sinan/verilog/ultrasonic/Trigger_generator.vhd".
    Found 24-bit comparator greater for signal <Trigger$cmp_gt0000> created at line 56.
    Found 24-bit comparator less for signal <Trigger$cmp_lt0000> created at line 56.
    Summary:
	inferred   2 Comparator(s).
Unit <Trigger_generator> synthesized.


Synthesizing Unit <Distance_calculation>.
    Related source file is "C:/Users/sinan/verilog/ultrasonic/Distance_calculation.vhd".
WARNING:Xst:737 - Found 9-bit latch for signal <distance>. Latches may be generated from incomplete case or if statements. We do not recommend the use of latches in FPGA/CPLD designs, as they may lead to timing problems.
    Found 11-bit comparator greater for signal <distance$cmp_gt0000> created at line 62.
    Found 22x2-bit multiplier for signal <multiplier$mult0000> created at line 59.
    Summary:
	inferred   1 Multiplier(s).
	inferred   1 Comparator(s).
Unit <Distance_calculation> synthesized.


Synthesizing Unit <Range_sensor>.
    Related source file is "C:/Users/sinan/verilog/ultrasonic/Range_sensor.vhd".
Unit <Range_sensor> synthesized.


Synthesizing Unit <TopDesign>.
    Related source file is "C:/Users/sinan/verilog/ultrasonic/TopDesign.vhd".
Unit <TopDesign> synthesized.


=========================================================================
HDL Synthesis Report

Macro Statistics
# ROMs                                                 : 2
 16x7-bit ROM                                          : 1
 4x1-bit ROM                                           : 1
# Multipliers                                          : 1
 22x2-bit multiplier                                   : 1
# Adders/Subtractors                                   : 9
 4-bit adder                                           : 9
# Counters                                             : 4
 16-bit up counter                                     : 1
 2-bit up counter                                      : 1
 22-bit up counter                                     : 1
 24-bit up counter                                     : 1
# Registers                                            : 5
 1-bit register                                        : 4
 4-bit register                                        : 1
# Latches                                              : 1
 9-bit latch                                           : 1
# Comparators                                          : 12
 11-bit comparator greater                             : 1
 24-bit comparator greater                             : 1
 24-bit comparator less                                : 1
 4-bit comparator greater                              : 9
# Multiplexers                                         : 1
 4-bit 4-to-1 multiplexer                              : 1

=========================================================================

=========================================================================
*                       Advanced HDL Synthesis                          *
=========================================================================


Synthesizing (advanced) Unit <segmentdriver>.
INFO:Xst:3034 - In order to maximize performance and save block RAM resources, the small ROM <Mrom_select_Display_D_mux0001> will be implemented on LUT. If you want to force its implementation on block, use option/constraint rom_style.
Unit <segmentdriver> synthesized (advanced).

=========================================================================
Advanced HDL Synthesis Report

Macro Statistics
# ROMs                                                 : 2
 16x7-bit ROM                                          : 1
 4x1-bit ROM                                           : 1
# Multipliers                                          : 1
 22x2-bit multiplier                                   : 1
# Adders/Subtractors                                   : 9
 4-bit adder                                           : 9
# Counters                                             : 4
 16-bit up counter                                     : 1
 2-bit up counter                                      : 1
 22-bit up counter                                     : 1
 24-bit up counter                                     : 1
# Registers                                            : 8
 Flip-Flops                                            : 8
# Latches                                              : 1
 9-bit latch                                           : 1
# Comparators                                          : 12
 11-bit comparator greater                             : 1
 24-bit comparator greater                             : 1
 24-bit comparator less                                : 1
 4-bit comparator greater                              : 9
# Multiplexers                                         : 1
 4-bit 4-to-1 multiplexer                              : 1

=========================================================================

=========================================================================
*                         Low Level Synthesis                           *
=========================================================================

Optimizing unit <TopDesign> ...

Optimizing unit <BCD_converter> ...

Optimizing unit <segmentdriver> ...

Optimizing unit <Distance_calculation> ...

Mapping all equations...
Building and optimizing final netlist ...
Found area constraint ratio of 100 (+ 5) on block TopDesign, actual ratio is 11.

Final Macro Processing ...

=========================================================================
Final Register Report

Macro Statistics
# Registers                                            : 72
 Flip-Flops                                            : 72

=========================================================================

=========================================================================
*                           Partition Report                            *
=========================================================================

Partition Implementation Status
-------------------------------

  No Partitions were found in this design.

-------------------------------

=========================================================================
*                            Final Report                               *
=========================================================================
Final Results
RTL Top Level Output File Name     : TopDesign.ngr
Top Level Output File Name         : TopDesign
Output Format                      : NGC
Optimization Goal                  : Speed
Keep Hierarchy                     : No

Design Statistics
# IOs                              : 14

Cell Usage :
# BELS                             : 394
#      GND                         : 1
#      INV                         : 13
#      LUT1                        : 71
#      LUT2                        : 45
#      LUT3                        : 12
#      LUT4                        : 54
#      MUXCY                       : 119
#      MUXF5                       : 6
#      VCC                         : 1
#      XORCY                       : 72
# FlipFlops/Latches                : 81
#      FD                          : 21
#      FDC                         : 24
#      FDCE                        : 22
#      FDR                         : 5
#      LD_1                        : 9
# Clock Buffers                    : 2
#      BUFG                        : 1
#      BUFGP                       : 1
# IO Buffers                       : 13
#      IBUF                        : 1
#      OBUF                        : 12
=========================================================================

Device utilization summary:
---------------------------

Selected Device : 3s100ecp132-4 

 Number of Slices:                      106  out of    960    11%  
 Number of Slice Flip Flops:             81  out of   1920     4%  
 Number of 4 input LUTs:                195  out of   1920    10%  
 Number of IOs:                          14
 Number of bonded IOBs:                  14  out of     83    16%  
 Number of GCLKs:                         2  out of     24     8%  

---------------------------
Partition Resource Summary:
---------------------------

  No Partitions were found in this design.

---------------------------


=========================================================================
TIMING REPORT

NOTE: THESE TIMING NUMBERS ARE ONLY A SYNTHESIS ESTIMATE.
      FOR ACCURATE TIMING INFORMATION PLEASE REFER TO THE TRACE REPORT
      GENERATED AFTER PLACE-and-ROUTE.

Clock Information:
------------------
-----------------------------------+-------------------------------+-------+
Clock Signal                       | Clock buffer(FF name)         | Load  |
-----------------------------------+-------------------------------+-------+
clk                                | BUFGP                         | 62    |
uut2/uut1/count_15                 | NONE(uut2/display_selection_1)| 10    |
pulse_pin                          | IBUF+BUFG                     | 9     |
-----------------------------------+-------------------------------+-------+
INFO:Xst:2169 - HDL ADVISOR - Some clock signals were not automatically buffered by XST with BUFG/BUFR resources. Please use the buffer_type constraint in order to insert these buffers to the clock signals to help prevent skew problems.

Asynchronous Control Signals Information:
----------------------------------------
-------------------------------------------------------------------------------+-------------------------------------------+-------+
Control Signal                                                                 | Buffer(FF name)                           | Load  |
-------------------------------------------------------------------------------+-------------------------------------------+-------+
uut4/trigger_gen/resetCounter_inv(uut4/trigger_gen/resetCounter_inv_wg_cy<5>:O)| NONE(uut4/trigger_gen/trigg/count_0)      | 24    |
Trigger_pin_OBUF(uut4/trigger_gen/Trigger_and00001:O)                          | NONE(uut4/Pulsewidth/CounterPulse/count_0)| 22    |
-------------------------------------------------------------------------------+-------------------------------------------+-------+

Timing Summary:
---------------
Speed Grade: -4

   Minimum period: 4.816ns (Maximum Frequency: 207.641MHz)
   Minimum input arrival time before clock: 2.975ns
   Maximum output required time after clock: 9.306ns
   Maximum combinational path delay: No path found

Timing Detail:
--------------
All values displayed in nanoseconds (ns)

=========================================================================
Timing constraint: Default period analysis for Clock 'clk'
  Clock period: 4.816ns (frequency: 207.641MHz)
  Total number of paths / destination ports: 689 / 62
-------------------------------------------------------------------------
Delay:               4.816ns (Levels of Logic = 24)
  Source:            uut4/trigger_gen/trigg/count_1 (FF)
  Destination:       uut4/trigger_gen/trigg/count_23 (FF)
  Source Clock:      clk rising
  Destination Clock: clk rising

  Data Path: uut4/trigger_gen/trigg/count_1 to uut4/trigger_gen/trigg/count_23
                                Gate     Net
    Cell:in->out      fanout   Delay   Delay  Logical Name (Net Name)
    ----------------------------------------  ------------
     FDC:C->Q              3   0.591   0.706  uut4/trigger_gen/trigg/count_1 (uut4/trigger_gen/trigg/count_1)
     LUT1:I0->O            1   0.704   0.000  uut4/trigger_gen/trigg/Mcount_count_cy<1>_rt (uut4/trigger_gen/trigg/Mcount_count_cy<1>_rt)
     MUXCY:S->O            1   0.464   0.000  uut4/trigger_gen/trigg/Mcount_count_cy<1> (uut4/trigger_gen/trigg/Mcount_count_cy<1>)
     MUXCY:CI->O           1   0.059   0.000  uut4/trigger_gen/trigg/Mcount_count_cy<2> (uut4/trigger_gen/trigg/Mcount_count_cy<2>)
     MUXCY:CI->O           1   0.059   0.000  uut4/trigger_gen/trigg/Mcount_count_cy<3> (uut4/trigger_gen/trigg/Mcount_count_cy<3>)
     MUXCY:CI->O           1   0.059   0.000  uut4/trigger_gen/trigg/Mcount_count_cy<4> (uut4/trigger_gen/trigg/Mcount_count_cy<4>)
     MUXCY:CI->O           1   0.059   0.000  uut4/trigger_gen/trigg/Mcount_count_cy<5> (uut4/trigger_gen/trigg/Mcount_count_cy<5>)
     MUXCY:CI->O           1   0.059   0.000  uut4/trigger_gen/trigg/Mcount_count_cy<6> (uut4/trigger_gen/trigg/Mcount_count_cy<6>)
     MUXCY:CI->O           1   0.059   0.000  uut4/trigger_gen/trigg/Mcount_count_cy<7> (uut4/trigger_gen/trigg/Mcount_count_cy<7>)
     MUXCY:CI->O           1   0.059   0.000  uut4/trigger_gen/trigg/Mcount_count_cy<8> (uut4/trigger_gen/trigg/Mcount_count_cy<8>)
     MUXCY:CI->O           1   0.059   0.000  uut4/trigger_gen/trigg/Mcount_count_cy<9> (uut4/trigger_gen/trigg/Mcount_count_cy<9>)
     MUXCY:CI->O           1   0.059   0.000  uut4/trigger_gen/trigg/Mcount_count_cy<10> (uut4/trigger_gen/trigg/Mcount_count_cy<10>)
     MUXCY:CI->O           1   0.059   0.000  uut4/trigger_gen/trigg/Mcount_count_cy<11> (uut4/trigger_gen/trigg/Mcount_count_cy<11>)
     MUXCY:CI->O           1   0.059   0.000  uut4/trigger_gen/trigg/Mcount_count_cy<12> (uut4/trigger_gen/trigg/Mcount_count_cy<12>)
     MUXCY:CI->O           1   0.059   0.000  uut4/trigger_gen/trigg/Mcount_count_cy<13> (uut4/trigger_gen/trigg/Mcount_count_cy<13>)
     MUXCY:CI->O           1   0.059   0.000  uut4/trigger_gen/trigg/Mcount_count_cy<14> (uut4/trigger_gen/trigg/Mcount_count_cy<14>)
     MUXCY:CI->O           1   0.059   0.000  uut4/trigger_gen/trigg/Mcount_count_cy<15> (uut4/trigger_gen/trigg/Mcount_count_cy<15>)
     MUXCY:CI->O           1   0.059   0.000  uut4/trigger_gen/trigg/Mcount_count_cy<16> (uut4/trigger_gen/trigg/Mcount_count_cy<16>)
     MUXCY:CI->O           1   0.059   0.000  uut4/trigger_gen/trigg/Mcount_count_cy<17> (uut4/trigger_gen/trigg/Mcount_count_cy<17>)
     MUXCY:CI->O           1   0.059   0.000  uut4/trigger_gen/trigg/Mcount_count_cy<18> (uut4/trigger_gen/trigg/Mcount_count_cy<18>)
     MUXCY:CI->O           1   0.059   0.000  uut4/trigger_gen/trigg/Mcount_count_cy<19> (uut4/trigger_gen/trigg/Mcount_count_cy<19>)
     MUXCY:CI->O           1   0.059   0.000  uut4/trigger_gen/trigg/Mcount_count_cy<20> (uut4/trigger_gen/trigg/Mcount_count_cy<20>)
     MUXCY:CI->O           1   0.059   0.000  uut4/trigger_gen/trigg/Mcount_count_cy<21> (uut4/trigger_gen/trigg/Mcount_count_cy<21>)
     MUXCY:CI->O           0   0.059   0.000  uut4/trigger_gen/trigg/Mcount_count_cy<22> (uut4/trigger_gen/trigg/Mcount_count_cy<22>)
     XORCY:CI->O           1   0.804   0.000  uut4/trigger_gen/trigg/Mcount_count_xor<23> (Result<23>)
     FDC:D                     0.308          uut4/trigger_gen/trigg/count_23
    ----------------------------------------
    Total                      4.816ns (4.110ns logic, 0.706ns route)
                                       (85.3% logic, 14.7% route)

=========================================================================
Timing constraint: Default period analysis for Clock 'uut2/uut1/count_15'
  Clock period: 3.734ns (frequency: 267.809MHz)
  Total number of paths / destination ports: 22 / 11
-------------------------------------------------------------------------
Delay:               3.734ns (Levels of Logic = 1)
  Source:            uut2/display_selection_1 (FF)
  Destination:       uut2/select_Display_C (FF)
  Source Clock:      uut2/uut1/count_15 rising
  Destination Clock: uut2/uut1/count_15 rising

  Data Path: uut2/display_selection_1 to uut2/select_Display_C
                                Gate     Net
    Cell:in->out      fanout   Delay   Delay  Logical Name (Net Name)
    ----------------------------------------  ------------
     FD:C->Q              11   0.591   1.108  uut2/display_selection_1 (uut2/display_selection_1)
     LUT2:I0->O            1   0.704   0.420  uut2/select_Display_C_cmp_eq00001 (uut2/select_Display_C_cmp_eq0000)
     FDR:R                     0.911          uut2/select_Display_C
    ----------------------------------------
    Total                      3.734ns (2.206ns logic, 1.528ns route)
                                       (59.1% logic, 40.9% route)

=========================================================================
Timing constraint: Default OFFSET IN BEFORE for Clock 'clk'
  Total number of paths / destination ports: 22 / 22
-------------------------------------------------------------------------
Offset:              2.975ns (Levels of Logic = 1)
  Source:            pulse_pin (PAD)
  Destination:       uut4/Pulsewidth/CounterPulse/count_21 (FF)
  Destination Clock: clk rising

  Data Path: pulse_pin to uut4/Pulsewidth/CounterPulse/count_21
                                Gate     Net
    Cell:in->out      fanout   Delay   Delay  Logical Name (Net Name)
    ----------------------------------------  ------------
     IBUF:I->O            23   1.218   1.202  pulse_pin_IBUF (pulse_pin_IBUF1)
     FDCE:CE                   0.555          uut4/Pulsewidth/CounterPulse/count_0
    ----------------------------------------
    Total                      2.975ns (1.773ns logic, 1.202ns route)
                                       (59.6% logic, 40.4% route)

=========================================================================
Timing constraint: Default OFFSET OUT AFTER for Clock 'uut2/uut1/count_15'
  Total number of paths / destination ports: 32 / 11
-------------------------------------------------------------------------
Offset:              5.870ns (Levels of Logic = 2)
  Source:            uut2/temperary_data_0 (FF)
  Destination:       topsegA (PAD)
  Source Clock:      uut2/uut1/count_15 rising

  Data Path: uut2/temperary_data_0 to topsegA
                                Gate     Net
    Cell:in->out      fanout   Delay   Delay  Logical Name (Net Name)
    ----------------------------------------  ------------
     FD:C->Q               7   0.591   0.883  uut2/temperary_data_0 (uut2/temperary_data_0)
     LUT4:I0->O            1   0.704   0.420  uut2/uut/segment_D1 (topsegD_OBUF)
     OBUF:I->O                 3.272          topsegD_OBUF (topsegD)
    ----------------------------------------
    Total                      5.870ns (4.567ns logic, 1.303ns route)
                                       (77.8% logic, 22.2% route)

=========================================================================
Timing constraint: Default OFFSET OUT AFTER for Clock 'clk'
  Total number of paths / destination ports: 45 / 1
-------------------------------------------------------------------------
Offset:              9.306ns (Levels of Logic = 16)
  Source:            uut4/trigger_gen/trigg/count_3 (FF)
  Destination:       Trigger_pin (PAD)
  Source Clock:      clk rising

  Data Path: uut4/trigger_gen/trigg/count_3 to Trigger_pin
                                Gate     Net
    Cell:in->out      fanout   Delay   Delay  Logical Name (Net Name)
    ----------------------------------------  ------------
     FDC:C->Q              4   0.591   0.762  uut4/trigger_gen/trigg/count_3 (uut4/trigger_gen/trigg/count_3)
     LUT1:I0->O            1   0.704   0.000  uut4/trigger_gen/Mcompar_Trigger_cmp_lt0000_cy<0>_rt (uut4/trigger_gen/Mcompar_Trigger_cmp_lt0000_cy<0>_rt)
     MUXCY:S->O            1   0.464   0.000  uut4/trigger_gen/Mcompar_Trigger_cmp_lt0000_cy<0> (uut4/trigger_gen/Mcompar_Trigger_cmp_lt0000_cy<0>)
     MUXCY:CI->O           1   0.059   0.000  uut4/trigger_gen/Mcompar_Trigger_cmp_lt0000_cy<1> (uut4/trigger_gen/Mcompar_Trigger_cmp_lt0000_cy<1>)
     MUXCY:CI->O           1   0.059   0.000  uut4/trigger_gen/Mcompar_Trigger_cmp_lt0000_cy<2> (uut4/trigger_gen/Mcompar_Trigger_cmp_lt0000_cy<2>)
     MUXCY:CI->O           1   0.059   0.000  uut4/trigger_gen/Mcompar_Trigger_cmp_lt0000_cy<3> (uut4/trigger_gen/Mcompar_Trigger_cmp_lt0000_cy<3>)
     MUXCY:CI->O           1   0.059   0.000  uut4/trigger_gen/Mcompar_Trigger_cmp_lt0000_cy<4> (uut4/trigger_gen/Mcompar_Trigger_cmp_lt0000_cy<4>)
     MUXCY:CI->O           1   0.059   0.000  uut4/trigger_gen/Mcompar_Trigger_cmp_lt0000_cy<5> (uut4/trigger_gen/Mcompar_Trigger_cmp_lt0000_cy<5>)
     MUXCY:CI->O           1   0.059   0.000  uut4/trigger_gen/Mcompar_Trigger_cmp_lt0000_cy<6> (uut4/trigger_gen/Mcompar_Trigger_cmp_lt0000_cy<6>)
     MUXCY:CI->O           1   0.059   0.000  uut4/trigger_gen/Mcompar_Trigger_cmp_lt0000_cy<7> (uut4/trigger_gen/Mcompar_Trigger_cmp_lt0000_cy<7>)
     MUXCY:CI->O           1   0.059   0.000  uut4/trigger_gen/Mcompar_Trigger_cmp_lt0000_cy<8> (uut4/trigger_gen/Mcompar_Trigger_cmp_lt0000_cy<8>)
     MUXCY:CI->O           1   0.059   0.000  uut4/trigger_gen/Mcompar_Trigger_cmp_lt0000_cy<9> (uut4/trigger_gen/Mcompar_Trigger_cmp_lt0000_cy<9>)
     MUXCY:CI->O           1   0.059   0.000  uut4/trigger_gen/Mcompar_Trigger_cmp_lt0000_cy<10> (uut4/trigger_gen/Mcompar_Trigger_cmp_lt0000_cy<10>)
     MUXCY:CI->O           1   0.059   0.000  uut4/trigger_gen/Mcompar_Trigger_cmp_lt0000_cy<11> (uut4/trigger_gen/Mcompar_Trigger_cmp_lt0000_cy<11>)
     MUXCY:CI->O           1   0.459   0.499  uut4/trigger_gen/Mcompar_Trigger_cmp_lt0000_cy<12> (uut4/trigger_gen/Mcompar_Trigger_cmp_lt0000_cy<12>)
     LUT2:I1->O           23   0.704   1.202  uut4/trigger_gen/Trigger_and00001 (Trigger_pin_OBUF)
     OBUF:I->O                 3.272          Trigger_pin_OBUF (Trigger_pin)
    ----------------------------------------
    Total                      9.306ns (6.843ns logic, 2.463ns route)
                                       (73.5% logic, 26.5% route)

=========================================================================


Total REAL time to Xst completion: 6.00 secs
Total CPU time to Xst completion: 5.54 secs
 
--> 

Total memory usage is 268920 kilobytes

Number of errors   :    0 (   0 filtered)
Number of warnings :    4 (   0 filtered)
Number of infos    :    3 (   0 filtered)

